<?xml version="1.0" encoding="UTF-8"?>
<!-- Generated by org.testng.reporters.JUnitReportReporter -->
<testsuite hostname="LAPTOP-F3DJPE74" failures="0" tests="1" name="cucumberOptions.TestRunner" time="0.032" errors="0" timestamp="2024-09-07T15:28:20 IST" skipped="0">
  <testcase classname="cucumberOptions.TestRunner" name="runScenario" time="0.032"/>
</testsuite> <!-- cucumberOptions.TestRunner -->
