<?xml version="1.0" encoding="UTF-8"?>
<!-- Generated by org.testng.reporters.JUnitReportReporter -->
<testsuite hostname="LAPTOP-F3DJPE74" failures="0" tests="2" name="stepDefinitions.StepDefinitions" time="6.996" errors="0" timestamp="2024-09-06T14:20:19 IST" skipped="0">
  <testcase classname="stepDefinitions.StepDefinitions" name="runScenario" time="5.190"/>
  <testcase classname="stepDefinitions.StepDefinitions" name="runScenario" time="1.806"/>
</testsuite> <!-- stepDefinitions.StepDefinitions -->
